<?xml version="1.0" encoding="UTF-8"?>
<!-- Generated by org.testng.reporters.JUnitReportReporter -->
<testsuite hostname="LAPTOP-NASCGQ94" failures="0" tests="1" name="apiChaining.EndToEndTest" time="2.389" errors="0" timestamp="29 May 2022 06:28:58 GMT" skipped="0">
  <testcase classname="apiChaining.EndToEndTest" name="test9" time="2.389"/>
</testsuite> <!-- apiChaining.EndToEndTest -->
