<?xml version="1.0" encoding="UTF-8"?>
<!-- Generated by org.testng.reporters.JUnitReportReporter -->
<testsuite hostname="LAPTOP-NASCGQ94" failures="0" tests="4" name="restAPIXML.XMLTest" time="5.763" errors="0" timestamp="04 Jun. 2022 06:30:15 GMT" skipped="0">
  <testcase classname="restAPIXML.XMLTest" name="test2" time="1.525"/>
  <testcase classname="restAPIXML.XMLTest" name="test4" time="0.672"/>
  <testcase classname="restAPIXML.XMLTest" name="test1" time="2.741"/>
  <testcase classname="restAPIXML.XMLTest" name="test3" time="0.825"/>
</testsuite> <!-- restAPIXML.XMLTest -->
