<?xml version="1.0" encoding="UTF-8"?>
<!-- Generated by org.testng.reporters.JUnitReportReporter -->
<testsuite hostname="LAPTOP-NASCGQ94" failures="0" tests="1" name="restAPI.PutRequest" time="1.963" errors="0" timestamp="29 May 2022 03:51:49 GMT" skipped="0">
  <testcase classname="restAPI.PutRequest" name="test6" time="1.963"/>
</testsuite> <!-- restAPI.PutRequest -->
