<?xml version="1.0" encoding="UTF-8"?>
<!-- Generated by org.testng.reporters.JUnitReportReporter -->
<testsuite hostname="LAPTOP-NASCGQ94" failures="0" tests="3" name="restBDD.GetRequestBDD" time="2.510" errors="0" timestamp="04 Jun. 2022 05:17:20 GMT" skipped="0">
  <testcase classname="restBDD.GetRequestBDD" name="test3" time="0.079"/>
  <testcase classname="restBDD.GetRequestBDD" name="test2" time="0.665"/>
  <testcase classname="restBDD.GetRequestBDD" name="test1" time="1.766"/>
</testsuite> <!-- restBDD.GetRequestBDD -->
