<?xml version="1.0" encoding="UTF-8"?>
<!-- Generated by org.testng.reporters.JUnitReportReporter -->
<testsuite hostname="LAPTOP-NASCGQ94" failures="0" tests="1" name="restBDD.DeleteRequestBDD" time="2.253" errors="0" timestamp="04 Jun. 2022 05:18:47 GMT" skipped="0">
  <testcase classname="restBDD.DeleteRequestBDD" name="test1" time="2.253"/>
</testsuite> <!-- restBDD.DeleteRequestBDD -->
