<?xml version="1.0" encoding="UTF-8"?>
<!-- Generated by org.testng.reporters.JUnitReportReporter -->
<testsuite hostname="LAPTOP-NASCGQ94" failures="0" tests="1" name="restAPI.PostRequest" time="2.258" errors="0" timestamp="28 May 2022 06:12:30 GMT" skipped="0">
  <testcase classname="restAPI.PostRequest" name="test3" time="2.258"/>
</testsuite> <!-- restAPI.PostRequest -->
