<?xml version="1.0" encoding="UTF-8"?>
<!-- Generated by org.testng.reporters.JUnitReportReporter -->
<testsuite hostname="LAPTOP-NASCGQ94" failures="0" tests="1" name="restAPI.PostRequestWithJsonObject" time="2.284" errors="0" timestamp="28 May 2022 06:38:12 GMT" skipped="0">
  <testcase classname="restAPI.PostRequestWithJsonObject" name="test4" time="2.284"/>
</testsuite> <!-- restAPI.PostRequestWithJsonObject -->
