<?xml version="1.0" encoding="UTF-8"?>
<!-- Generated by org.testng.reporters.JUnitReportReporter -->
<testsuite hostname="LAPTOP-NASCGQ94" failures="0" tests="1" name="oAuth.oAuthExample" time="3.036" errors="0" timestamp="05 Jun. 2022 07:07:45 GMT" skipped="0">
  <testcase classname="oAuth.oAuthExample" name="test1" time="3.036"/>
</testsuite> <!-- oAuth.oAuthExample -->
