<?xml version="1.0" encoding="UTF-8"?>
<!-- Generated by org.testng.reporters.JUnitReportReporter -->
<testsuite hostname="LAPTOP-NASCGQ94" failures="0" tests="2" name="gitHub.EndToEndTest" time="3.127" errors="0" timestamp="29 May 2022 07:19:27 GMT" skipped="0">
  <testcase classname="gitHub.EndToEndTest" name="test10" time="2.001"/>
  <testcase classname="gitHub.EndToEndTest" name="test11" time="1.126"/>
</testsuite> <!-- gitHub.EndToEndTest -->
