<?xml version="1.0" encoding="UTF-8"?>
<!-- Generated by org.testng.reporters.JUnitReportReporter -->
<testsuite hostname="LAPTOP-NASCGQ94" failures="0" tests="1" name="restAPI.PutRequestWithFile" time="1.691" errors="0" timestamp="29 May 2022 03:57:14 GMT" skipped="0">
  <testcase classname="restAPI.PutRequestWithFile" name="test7" time="1.691"/>
</testsuite> <!-- restAPI.PutRequestWithFile -->
