<?xml version="1.0" encoding="UTF-8"?>
<!-- Generated by org.testng.reporters.JUnitReportReporter -->
<testsuite hostname="LAPTOP-NASCGQ94" failures="0" tests="1" name="restAPI.PostRequestWithMap" time="2.454" errors="0" timestamp="28 May 2022 06:49:30 GMT" skipped="0">
  <testcase classname="restAPI.PostRequestWithMap" name="test5" time="2.454"/>
</testsuite> <!-- restAPI.PostRequestWithMap -->
