<?xml version="1.0" encoding="UTF-8"?>
<!-- Generated by org.testng.reporters.JUnitReportReporter -->
<testsuite hostname="LAPTOP-NASCGQ94" failures="0" tests="1" name="restAPI.GetRequestWithParams" time="2.211" errors="0" timestamp="28 May 2022 05:23:08 GMT" skipped="0">
  <testcase classname="restAPI.GetRequestWithParams" name="test2" time="2.211"/>
</testsuite> <!-- restAPI.GetRequestWithParams -->
